{"uuid":"70b19926-1925-4a6d-aa0f-3f05ac56b2ca","historyId":"70def174b5040844ecca03a73de949c0:94dadec355fb24357203fcbce2c308f6","status":"failed","statusDetails":{"message":"Error: locator.scrollIntoViewIfNeeded: DOMException: Failed to execute 'evaluate' on 'Document': The string ' //*[id='custom-account-dropdown-submit' is not a valid XPath expression.\n    at Object.queryAll (<anonymous>:41:25)\n    at InjectedScript._queryEngineAll (<anonymous>:4949:49)\n    at InjectedScript.querySelectorAll (<anonymous>:4936:30)\n    at eval (eval at evaluate (:226:30), <anonymous>:5:37)\n    at UtilityScript.evaluate (<anonymous>:228:17)\n    at UtilityScript.<anonymous> (<anonymous>:1:44)\nCall log:\n  - waiting for locator('xpath= //*[id=\\'custom-account-dropdown-submit')\n","trace":"Error: locator.scrollIntoViewIfNeeded: DOMException: Failed to execute 'evaluate' on 'Document': The string ' //*[id='custom-account-dropdown-submit' is not a valid XPath expression.\n    at Object.queryAll (<anonymous>:41:25)\n    at InjectedScript._queryEngineAll (<anonymous>:4949:49)\n    at InjectedScript.querySelectorAll (<anonymous>:4936:30)\n    at eval (eval at evaluate (:226:30), <anonymous>:5:37)\n    at UtilityScript.evaluate (<anonymous>:228:17)\n    at UtilityScript.<anonymous> (<anonymous>:1:44)\nCall log:\n  - waiting for locator('xpath= //*[id=\\'custom-account-dropdown-submit')\n\n    at Object.queryAll (/Applications/Documents/2024 Playwright Automation/Playwright_Automation_Project/<anonymous>:41:25)\n    at InjectedScript._queryEngineAll (/Applications/Documents/2024 Playwright Automation/Playwright_Automation_Project/<anonymous>:4949:49)\n    at InjectedScript.querySelectorAll (/Applications/Documents/2024 Playwright Automation/Playwright_Automation_Project/<anonymous>:4936:30)\n    at eval (/Applications/Documents/2024 Playwright Automation/Playwright_Automation_Project/eval at evaluate (:226:30), <anonymous>:5:37)\n    at UtilityScript.evaluate (/Applications/Documents/2024 Playwright Automation/Playwright_Automation_Project/<anonymous>:228:17)\n    at UtilityScript.<anonymous> (/Applications/Documents/2024 Playwright Automation/Playwright_Automation_Project/<anonymous>:1:44)\n    at /Applications/Documents/2024 Playwright Automation/Playwright_Automation_Project/src/test/ActionItem_08.spec.ts:21:74"},"stage":"pending","steps":[{"status":"passed","statusDetails":{},"stage":"pending","steps":[{"status":"passed","statusDetails":{},"stage":"pending","steps":[{"status":"passed","statusDetails":{},"stage":"pending","steps":[],"attachments":[],"parameters":[],"start":1722282188789,"name":"browser.newPage","stop":1722282188872}],"attachments":[],"parameters":[],"start":1722282188785,"name":"beforeAll hook","stop":1722282188872}],"attachments":[],"parameters":[],"start":1722282188785,"name":"Before Hooks","stop":1722282188876},{"status":"passed","statusDetails":{},"stage":"pending","steps":[],"attachments":[],"parameters":[],"start":1722282188877,"name":"page.goto(https://www.nationwide.com)","stop":1722282191876},{"status":"passed","statusDetails":{},"stage":"pending","steps":[],"attachments":[],"parameters":[],"start":1722282191877,"name":"page.waitForTimeout","stop":1722282193884},{"status":"passed","statusDetails":{},"stage":"pending","steps":[],"attachments":[],"parameters":[],"start":1722282193886,"name":"locator.selectOption(xpath = //*[@name='custom-account-dropdown'])","stop":1722282193922},{"status":"failed","statusDetails":{"message":"Error: locator.scrollIntoViewIfNeeded: DOMException: Failed to execute 'evaluate' on 'Document': The string ' //*[id='custom-account-dropdown-submit' is not a valid XPath expression.\n    at Object.queryAll (<anonymous>:41:25)\n    at InjectedScript._queryEngineAll (<anonymous>:4949:49)\n    at InjectedScript.querySelectorAll (<anonymous>:4936:30)\n    at eval (eval at evaluate (:226:30), <anonymous>:5:37)\n    at UtilityScript.evaluate (<anonymous>:228:17)\n    at UtilityScript.<anonymous> (<anonymous>:1:44)\nCall log:\n  - waiting for locator('xpath= //*[id=\\'custom-account-dropdown-submit')\n","trace":"Error: locator.scrollIntoViewIfNeeded: DOMException: Failed to execute 'evaluate' on 'Document': The string ' //*[id='custom-account-dropdown-submit' is not a valid XPath expression.\n    at Object.queryAll (<anonymous>:41:25)\n    at InjectedScript._queryEngineAll (<anonymous>:4949:49)\n    at InjectedScript.querySelectorAll (<anonymous>:4936:30)\n    at eval (eval at evaluate (:226:30), <anonymous>:5:37)\n    at UtilityScript.evaluate (<anonymous>:228:17)\n    at UtilityScript.<anonymous> (<anonymous>:1:44)\nCall log:\n  - waiting for locator('xpath= //*[id=\\'custom-account-dropdown-submit')\n\n    at Object.queryAll (/Applications/Documents/2024 Playwright Automation/Playwright_Automation_Project/<anonymous>:41:25)\n    at InjectedScript._queryEngineAll (/Applications/Documents/2024 Playwright Automation/Playwright_Automation_Project/<anonymous>:4949:49)\n    at InjectedScript.querySelectorAll (/Applications/Documents/2024 Playwright Automation/Playwright_Automation_Project/<anonymous>:4936:30)\n    at eval (/Applications/Documents/2024 Playwright Automation/Playwright_Automation_Project/eval at evaluate (:226:30), <anonymous>:5:37)\n    at UtilityScript.evaluate (/Applications/Documents/2024 Playwright Automation/Playwright_Automation_Project/<anonymous>:228:17)\n    at UtilityScript.<anonymous> (/Applications/Documents/2024 Playwright Automation/Playwright_Automation_Project/<anonymous>:1:44)\n    at /Applications/Documents/2024 Playwright Automation/Playwright_Automation_Project/src/test/ActionItem_08.spec.ts:21:74"},"stage":"pending","steps":[],"attachments":[],"parameters":[],"start":1722282193924,"name":"locator.scrollIntoViewIfNeeded(xpath = //*[id='custom-account-dropdown-submit)","stop":1722282193930},{"status":"passed","statusDetails":{},"stage":"pending","steps":[{"status":"passed","statusDetails":{},"stage":"pending","steps":[],"attachments":[],"parameters":[],"start":1722282193932,"name":"page.screenshot","stop":1722282194049},{"status":"passed","statusDetails":{},"stage":"pending","steps":[],"attachments":[],"parameters":[],"start":1722282193934,"name":"page.screenshot","stop":1722282194128},{"status":"passed","statusDetails":{},"stage":"pending","steps":[],"attachments":[],"parameters":[],"start":1722282194130,"name":"fixture: browser","stop":1722282194133}],"attachments":[],"parameters":[],"start":1722282193931,"name":"After Hooks","stop":1722282194133}],"attachments":[{"name":"screenshot","type":"image/png","source":"da50faf0-d1f6-4874-b316-7ef2f10bd47c-attachment.png"},{"name":"screenshot","type":"image/png","source":"b7c40b9a-892f-4fd5-8b1c-549c40b9abcb-attachment.png"},{"name":"stdout","type":"text/plain","source":"03ba39f7-b777-4909-840d-70aa6995669e-attachment.txt"}],"parameters":[{"name":"Project","value":"chrome"}],"labels":[{"name":"language","value":"JavaScript"},{"name":"framework","value":"Playwright"},{"name":"titlePath","value":" > chrome > test/ActionItem_08.spec.ts"},{"name":"host","value":"Noors-MBP.lan"},{"name":"thread","value":"Noors-MBP.lan-31163-playwright-worker-0"},{"name":"parentSuite","value":"chrome"},{"name":"suite","value":"test/ActionItem_08.spec.ts"}],"links":[],"start":1722282188784,"name":"tc001_payBillTool @smoke","fullName":"test/ActionItem_08.spec.ts#tc001_payBillTool @smoke","testCaseId":"70def174b5040844ecca03a73de949c0","stop":1722282194137}